Performing C SOURCE FILE Test CMAKE_HAVE_LIBC_PTHREAD failed with the following output:
Change Dir: /home/youngjun/workspace/catkin_ws/src/ball_chaser/cmake-build-debug/CMakeFiles/CMakeTmp

Run Build Command(s):/usr/bin/make cmTC_a6bfe/fast && /usr/bin/make -f CMakeFiles/cmTC_a6bfe.dir/build.make CMakeFiles/cmTC_a6bfe.dir/build
make[1]: Entering directory '/home/youngjun/workspace/catkin_ws/src/ball_chaser/cmake-build-debug/CMakeFiles/CMakeTmp'
Building C object CMakeFiles/cmTC_a6bfe.dir/src.c.o
/usr/bin/cc   -DCMAKE_HAVE_LIBC_PTHREAD   -o CMakeFiles/cmTC_a6bfe.dir/src.c.o   -c /home/youngjun/workspace/catkin_ws/src/ball_chaser/cmake-build-debug/CMakeFiles/CMakeTmp/src.c
Linking C executable cmTC_a6bfe
/home/youngjun/Documents/clion-2020.1.1/bin/cmake/linux/bin/cmake -E cmake_link_script CMakeFiles/cmTC_a6bfe.dir/link.txt --verbose=1
/usr/bin/cc  -DCMAKE_HAVE_LIBC_PTHREAD    -rdynamic CMakeFiles/cmTC_a6bfe.dir/src.c.o  -o cmTC_a6bfe 
CMakeFiles/cmTC_a6bfe.dir/src.c.o: In function `main':
src.c:(.text+0x3e): undefined reference to `pthread_create'
src.c:(.text+0x4a): undefined reference to `pthread_detach'
src.c:(.text+0x5b): undefined reference to `pthread_join'
src.c:(.text+0x6f): undefined reference to `pthread_atfork'
collect2: error: ld returned 1 exit status
CMakeFiles/cmTC_a6bfe.dir/build.make:86: recipe for target 'cmTC_a6bfe' failed
make[1]: *** [cmTC_a6bfe] Error 1
make[1]: Leaving directory '/home/youngjun/workspace/catkin_ws/src/ball_chaser/cmake-build-debug/CMakeFiles/CMakeTmp'
Makefile:121: recipe for target 'cmTC_a6bfe/fast' failed
make: *** [cmTC_a6bfe/fast] Error 2


Source file was:
#include <pthread.h>

void* test_func(void* data)
{
  return data;
}

int main(void)
{
  pthread_t thread;
  pthread_create(&thread, NULL, test_func, NULL);
  pthread_detach(thread);
  pthread_join(thread, NULL);
  pthread_atfork(NULL, NULL, NULL);
  pthread_exit(NULL);

  return 0;
}

Determining if the function pthread_create exists in the pthreads failed with the following output:
Change Dir: /home/youngjun/workspace/catkin_ws/src/ball_chaser/cmake-build-debug/CMakeFiles/CMakeTmp

Run Build Command(s):/usr/bin/make cmTC_158c8/fast && /usr/bin/make -f CMakeFiles/cmTC_158c8.dir/build.make CMakeFiles/cmTC_158c8.dir/build
make[1]: Entering directory '/home/youngjun/workspace/catkin_ws/src/ball_chaser/cmake-build-debug/CMakeFiles/CMakeTmp'
Building C object CMakeFiles/cmTC_158c8.dir/CheckFunctionExists.c.o
/usr/bin/cc   -DCHECK_FUNCTION_EXISTS=pthread_create   -o CMakeFiles/cmTC_158c8.dir/CheckFunctionExists.c.o   -c /home/youngjun/Documents/clion-2020.1.1/bin/cmake/linux/share/cmake-3.16/Modules/CheckFunctionExists.c
Linking C executable cmTC_158c8
/home/youngjun/Documents/clion-2020.1.1/bin/cmake/linux/bin/cmake -E cmake_link_script CMakeFiles/cmTC_158c8.dir/link.txt --verbose=1
/usr/bin/cc  -DCHECK_FUNCTION_EXISTS=pthread_create    -rdynamic CMakeFiles/cmTC_158c8.dir/CheckFunctionExists.c.o  -o cmTC_158c8  -lpthreads 
/usr/bin/ld: cannot find -lpthreads
collect2: error: ld returned 1 exit status
CMakeFiles/cmTC_158c8.dir/build.make:86: recipe for target 'cmTC_158c8' failed
make[1]: *** [cmTC_158c8] Error 1
make[1]: Leaving directory '/home/youngjun/workspace/catkin_ws/src/ball_chaser/cmake-build-debug/CMakeFiles/CMakeTmp'
Makefile:121: recipe for target 'cmTC_158c8/fast' failed
make: *** [cmTC_158c8/fast] Error 2



